<?xml version="1.0" encoding="UTF-8"?>
<!-- Generated by org.testng.reporters.JUnitXMLReporter -->
<testsuite ignored="1" hostname="DESKTOP-6896HKL" failures="0" tests="3" name="Regrssion" time="0.113" errors="0" timestamp="2021-05-21T15:30:50 IST">
  <testcase classname="test.Chapter_5" name="aftermetho" time="0.015"/>
  <testcase classname="test.Chapter_5" name="beforemethod" time="0.01"/>
  <testcase classname="test.Chapter_5" name="demo1" time="0.002"/>
  <testcase classname="test.Chapter_5" name="demo2" time="0.0">
    <ignored/>
  </testcase> <!-- demo2 -->
</testsuite> <!-- Regrssion -->
