<?xml version="1.0" encoding="UTF-8"?>
<testng-results skipped="0" failed="0" ignored="0" total="1" passed="1">
  <reporter-output>
  </reporter-output>
  <suite name="Default suite" duration-ms="5598" started-at="2021-06-16T10:13:01 IST" finished-at="2021-06-16T10:13:07 IST">
    <groups>
    </groups>
    <test name="Default test" duration-ms="5598" started-at="2021-06-16T10:13:01 IST" finished-at="2021-06-16T10:13:07 IST">
      <class name="test.navigate">
        <test-method status="PASS" signature="baseUrl()[pri:0, instance:test.navigate@64729b1e]" name="baseUrl" duration-ms="5510" started-at="2021-06-16T10:13:01 IST" finished-at="2021-06-16T10:13:07 IST">
          <reporter-output>
          </reporter-output>
        </test-method> <!-- baseUrl -->
      </class> <!-- test.navigate -->
    </test> <!-- Default test -->
  </suite> <!-- Default suite -->
</testng-results>
