<?xml version="1.0" encoding="UTF-8"?>
<!-- Generated by org.testng.reporters.JUnitXMLReporter -->
<testsuite ignored="3" hostname="DESKTOP-6896HKL" failures="0" tests="0" time="0.017" errors="0" timestamp="2021-05-21T11:25:15 IST">
  <testcase classname="test.Chapter_4" name="beforeCl" time="0.0">
    <ignored/>
  </testcase> <!-- beforeCl -->
  <testcase classname="test.Chapter_1" name="demo2" time="0.0">
    <ignored/>
  </testcase> <!-- demo2 -->
  <testcase classname="test.Chapter_1" name="demo1" time="0.0">
    <ignored/>
  </testcase> <!-- demo1 -->
</testsuite>
