-------------------------------------------------------------------------------
Test set: TestSuite
-------------------------------------------------------------------------------
Tests run: 5, Failures: 1, Errors: 0, Skipped: 0, Time elapsed: 33.334 s <<< FAILURE! - in TestSuite
validateAppTitle(Academy.validateTitle)  Time elapsed: 0.014 s  <<< FAILURE!
org.junit.ComparisonFailure: expected:<FEATURE[D] COURSES> but was:<FEATURE[] COURSES>
	at Academy.validateTitle.validateAppTitle(validateTitle.java:29)

