<?xml version="1.0" encoding="UTF-8"?>
<testng-results skipped="0" failed="1" ignored="0" total="5" passed="4">
  <reporter-output>
  </reporter-output>
  <suite name="Suite" duration-ms="30784" started-at="2021-05-30T18:33:15 IST" finished-at="2021-05-30T18:33:46 IST">
    <groups>
    </groups>
    <test name="Validating Navigation" duration-ms="29156" started-at="2021-05-30T18:33:15 IST" finished-at="2021-05-30T18:33:44 IST">
      <class name="Academy.validateNavigation">
        <test-method status="PASS" signature="initialize()[pri:0, instance:Academy.validateNavigation@3d121db3]" name="initialize" is-config="true" duration-ms="17927" started-at="2021-05-30T18:33:15 IST" finished-at="2021-05-30T18:33:33 IST">
          <reporter-output>
          </reporter-output>
        </test-method> <!-- initialize -->
        <test-method status="PASS" signature="baseNavigation()[pri:0, instance:Academy.validateNavigation@3d121db3]" name="baseNavigation" duration-ms="1000" started-at="2021-05-30T18:33:33 IST" finished-at="2021-05-30T18:33:34 IST">
          <reporter-output>
          </reporter-output>
        </test-method> <!-- baseNavigation -->
        <test-method status="PASS" signature="teardown()[pri:0, instance:Academy.validateNavigation@3d121db3]" name="teardown" is-config="true" duration-ms="10206" started-at="2021-05-30T18:33:34 IST" finished-at="2021-05-30T18:33:44 IST">
          <reporter-output>
          </reporter-output>
        </test-method> <!-- teardown -->
      </class> <!-- Academy.validateNavigation -->
    </test> <!-- Validating Navigation -->
    <test name="Validating Title" duration-ms="30495" started-at="2021-05-30T18:33:15 IST" finished-at="2021-05-30T18:33:45 IST">
      <class name="Academy.validateTitle">
        <test-method status="PASS" signature="initialize()[pri:0, instance:Academy.validateTitle@48fa0f47]" name="initialize" is-config="true" duration-ms="17921" started-at="2021-05-30T18:33:15 IST" finished-at="2021-05-30T18:33:33 IST">
          <reporter-output>
          </reporter-output>
        </test-method> <!-- initialize -->
        <test-method status="FAIL" signature="validateAppTitle()[pri:0, instance:Academy.validateTitle@48fa0f47]" name="validateAppTitle" duration-ms="1024" started-at="2021-05-30T18:33:33 IST" finished-at="2021-05-30T18:33:34 IST">
          <exception class="org.junit.ComparisonFailure">
            <message>
              <![CDATA[expected:<FEATURE[D] COURSES> but was:<FEATURE[] COURSES>]]>
            </message>
            <full-stacktrace>
              <![CDATA[org.junit.ComparisonFailure: expected:<FEATURE[D] COURSES> but was:<FEATURE[] COURSES>
at org.junit.Assert.assertEquals(Assert.java:115)
at org.junit.Assert.assertEquals(Assert.java:144)
at Academy.validateTitle.validateAppTitle(validateTitle.java:29)
at sun.reflect.NativeMethodAccessorImpl.invoke0(Native Method)
at sun.reflect.NativeMethodAccessorImpl.invoke(NativeMethodAccessorImpl.java:62)
at sun.reflect.DelegatingMethodAccessorImpl.invoke(DelegatingMethodAccessorImpl.java:43)
at java.lang.reflect.Method.invoke(Method.java:498)
at org.testng.internal.MethodInvocationHelper.invokeMethod(MethodInvocationHelper.java:133)
at org.testng.internal.TestInvoker.invokeMethod(TestInvoker.java:598)
at org.testng.internal.TestInvoker.invokeTestMethod(TestInvoker.java:173)
at org.testng.internal.MethodRunner.runInSequence(MethodRunner.java:46)
at org.testng.internal.TestInvoker$MethodInvocationAgent.invoke(TestInvoker.java:824)
at org.testng.internal.TestInvoker.invokeTestMethods(TestInvoker.java:146)
at org.testng.internal.TestMethodWorker.invokeTestMethods(TestMethodWorker.java:146)
at org.testng.internal.TestMethodWorker.run(TestMethodWorker.java:128)
at java.util.ArrayList.forEach(ArrayList.java:1259)
at org.testng.TestRunner.privateRun(TestRunner.java:794)
at org.testng.TestRunner.run(TestRunner.java:596)
at org.testng.SuiteRunner.runTest(SuiteRunner.java:377)
at org.testng.SuiteRunner.access$000(SuiteRunner.java:28)
at org.testng.SuiteRunner$SuiteWorker.run(SuiteRunner.java:418)
at org.testng.internal.thread.ThreadUtil.lambda$execute$0(ThreadUtil.java:64)
at java.util.concurrent.FutureTask.run(FutureTask.java:266)
at java.util.concurrent.ThreadPoolExecutor.runWorker(ThreadPoolExecutor.java:1149)
at java.util.concurrent.ThreadPoolExecutor$Worker.run(ThreadPoolExecutor.java:624)
at java.lang.Thread.run(Thread.java:748)
]]>
            </full-stacktrace>
          </exception> <!-- org.junit.ComparisonFailure -->
          <reporter-output>
          </reporter-output>
        </test-method> <!-- validateAppTitle -->
        <test-method status="PASS" signature="validateHeader()[pri:0, instance:Academy.validateTitle@48fa0f47]" name="validateHeader" duration-ms="125" started-at="2021-05-30T18:33:36 IST" finished-at="2021-05-30T18:33:36 IST">
          <reporter-output>
          </reporter-output>
        </test-method> <!-- validateHeader -->
        <test-method status="PASS" signature="teardown()[pri:0, instance:Academy.validateTitle@48fa0f47]" name="teardown" is-config="true" duration-ms="9011" started-at="2021-05-30T18:33:36 IST" finished-at="2021-05-30T18:33:45 IST">
          <reporter-output>
          </reporter-output>
        </test-method> <!-- teardown -->
      </class> <!-- Academy.validateTitle -->
    </test> <!-- Validating Title -->
    <test name="Home Page" duration-ms="30782" started-at="2021-05-30T18:33:15 IST" finished-at="2021-05-30T18:33:46 IST">
      <class name="Academy.HomePage">
        <test-method status="PASS" signature="initialize()[pri:0, instance:Academy.HomePage@51e5fc98]" name="initialize" is-config="true" duration-ms="6663" started-at="2021-05-30T18:33:15 IST" finished-at="2021-05-30T18:33:21 IST">
          <reporter-output>
          </reporter-output>
        </test-method> <!-- initialize -->
        <test-method status="PASS" signature="baseNavigation(java.lang.String,java.lang.String,java.lang.String)[pri:0, instance:Academy.HomePage@51e5fc98]" name="baseNavigation" duration-ms="15802" started-at="2021-05-30T18:33:22 IST" data-provider="getData" finished-at="2021-05-30T18:33:37 IST">
          <params>
            <param index="0">
              <value>
                <![CDATA[restricteduser@tect.com]]>
              </value>
            </param>
            <param index="1">
              <value>
                <![CDATA[123456]]>
              </value>
            </param>
            <param index="2">
              <value>
                <![CDATA[Restrict User]]>
              </value>
            </param>
          </params>
          <reporter-output>
          </reporter-output>
        </test-method> <!-- baseNavigation -->
        <test-method status="PASS" signature="baseNavigation(java.lang.String,java.lang.String,java.lang.String)[pri:0, instance:Academy.HomePage@51e5fc98]" name="baseNavigation" duration-ms="5582" started-at="2021-05-30T18:33:37 IST" data-provider="getData" finished-at="2021-05-30T18:33:43 IST">
          <params>
            <param index="0">
              <value>
                <![CDATA[nonrestricteduser@tect.com]]>
              </value>
            </param>
            <param index="1">
              <value>
                <![CDATA[12345]]>
              </value>
            </param>
            <param index="2">
              <value>
                <![CDATA[Non Restrict User]]>
              </value>
            </param>
          </params>
          <reporter-output>
          </reporter-output>
        </test-method> <!-- baseNavigation -->
        <test-method status="PASS" signature="teardown()[pri:0, instance:Academy.HomePage@51e5fc98]" name="teardown" is-config="true" duration-ms="2661" started-at="2021-05-30T18:33:43 IST" finished-at="2021-05-30T18:33:46 IST">
          <reporter-output>
          </reporter-output>
        </test-method> <!-- teardown -->
      </class> <!-- Academy.HomePage -->
    </test> <!-- Home Page -->
  </suite> <!-- Suite -->
</testng-results>
