<?xml version="1.0" encoding="UTF-8"?>
<testsuite xmlns:xsi="http://www.w3.org/2001/XMLSchema-instance" xsi:noNamespaceSchemaLocation="https://maven.apache.org/surefire/maven-surefire-plugin/xsd/surefire-test-report.xsd" name="TestSuite" time="33.334" tests="5" errors="0" skipped="0" failures="1">
  <properties>
[...]
</properties>
  <testcase name="baseNavigation" classname="Academy.validateNavigation" time="0.007"/>
  <testcase name="validateAppTitle" classname="Academy.validateTitle" time="0.014">
    <failure message="expected:&lt;FEATURE[D] COURSES&gt; but was:&lt;FEATURE[] COURSES&gt;" type="org.junit.ComparisonFailure"><![CDATA[org.junit.ComparisonFailure: expected:<FEATURE[D] COURSES> but was:<FEATURE[] COURSES>
	at Academy.validateTitle.validateAppTitle(validateTitle.java:29)
]]></failure>
  </testcase>
  <testcase name="validateHeader" classname="Academy.validateTitle" time="0"/>
  <testcase name="baseNavigation" classname="Academy.HomePage" time="0.994"/>
  <testcase name="baseNavigation" classname="Academy.HomePage" time="5.583"/>
</testsuite>