<?xml version="1.0" encoding="UTF-8"?>
<!-- Generated by org.testng.reporters.JUnitXMLReporter -->
<testsuite ignored="0" hostname="DESKTOP-6896HKL" failures="0" tests="4" name="Test" time="43.397" errors="0" timestamp="2021-05-28T20:01:30 IST">
  <testcase classname="Academy.validateNavigation" name="baseNavigation" time="0.18"/>
  <testcase classname="Academy.HomePage" name="baseNavigation" time="12.012"/>
  <testcase classname="Academy.HomePage" name="baseNavigation" time="8.021"/>
  <testcase classname="Academy.validateTitle" name="baseNavigation" time="0.082"/>
</testsuite> <!-- Test -->
