<?xml version="1.0" encoding="UTF-8"?>
<!-- Generated by org.testng.reporters.JUnitXMLReporter -->
<testsuite hostname="DESKTOP-6896HKL" ignored="0" name="Validating Title" tests="2" failures="1" timestamp="2021-05-30T18:33:45 IST" time="30.495" errors="0">
  <testcase name="validateAppTitle" time="1.024" classname="Academy.validateTitle">
    <failure type="org.junit.ComparisonFailure" message="expected:&amp;lt;FEATURE[D] COURSES&amp;gt; but was:&amp;lt;FEATURE[] COURSES&amp;gt;">
      <![CDATA[org.junit.ComparisonFailure: expected:<FEATURE[D] COURSES> but was:<FEATURE[] COURSES>
at org.junit.Assert.assertEquals(Assert.java:115)
at org.junit.Assert.assertEquals(Assert.java:144)
at Academy.validateTitle.validateAppTitle(validateTitle.java:29)
at java.util.ArrayList.forEach(ArrayList.java:1259)
at java.util.concurrent.FutureTask.run(FutureTask.java:266)
at java.util.concurrent.ThreadPoolExecutor.runWorker(ThreadPoolExecutor.java:1149)
at java.util.concurrent.ThreadPoolExecutor$Worker.run(ThreadPoolExecutor.java:624)
at java.lang.Thread.run(Thread.java:748)
... Removed 18 stack frames]]>
    </failure>
  </testcase> <!-- validateAppTitle -->
  <testcase name="validateHeader" time="0.125" classname="Academy.validateTitle"/>
</testsuite> <!-- Validating Title -->
