<?xml version="1.0" encoding="UTF-8"?>
<testng-results ignored="2" total="2" passed="0" failed="0" skipped="0">
  <reporter-output>
  </reporter-output>
  <suite started-at="2021-05-21T21:13:36 IST" name="Default suite" finished-at="2021-05-21T21:13:36 IST" duration-ms="14">
    <groups>
    </groups>
    <test started-at="2021-05-21T21:13:36 IST" name="Default test" finished-at="2021-05-21T21:13:36 IST" duration-ms="14">
      <class name="test.Chapter_3">
        <test-method is-config="true" signature="beforesuite()[pri:0, instance:test.Chapter_3@69997e9d]" started-at="2021-05-21T21:13:36 IST" name="beforesuite" finished-at="2021-05-21T21:13:36 IST" duration-ms="15" status="PASS">
          <reporter-output>
          </reporter-output>
        </test-method> <!-- beforesuite -->
        <test-method is-config="true" signature="afetersuit()[pri:0, instance:test.Chapter_3@69997e9d]" started-at="2021-05-21T21:13:36 IST" name="afetersuit" finished-at="2021-05-21T21:13:36 IST" duration-ms="1" status="PASS">
          <reporter-output>
          </reporter-output>
        </test-method> <!-- afetersuit -->
      </class> <!-- test.Chapter_3 -->
    </test> <!-- Default test -->
  </suite> <!-- Default suite -->
</testng-results>
