<?xml version="1.0" encoding="UTF-8"?>
<testng-results total="6" passed="6" failed="0" skipped="0">
  <reporter-output>
  </reporter-output>
  <suite started-at="2021-05-22T17:37:06Z" name="Suite" finished-at="2021-05-22T17:37:06Z" duration-ms="38">
    <groups>
    </groups>
    <test started-at="2021-05-22T17:37:06Z" name="Test" finished-at="2021-05-22T17:37:06Z" duration-ms="38">
      <class name="qaclickacademy.AppiumTest">
        <test-method signature="IOSApps()[pri:0, instance:qaclickacademy.AppiumTest@534a5a98]" started-at="2021-05-22T23:07:06Z" name="IOSApps" finished-at="2021-05-22T23:07:06Z" duration-ms="14" status="PASS">
          <reporter-output>
          </reporter-output>
        </test-method> <!-- IOSApps -->
        <test-method signature="nativeAppAndroid()[pri:0, instance:qaclickacademy.AppiumTest@534a5a98]" started-at="2021-05-22T23:07:06Z" name="nativeAppAndroid" finished-at="2021-05-22T23:07:06Z" duration-ms="0" status="PASS">
          <reporter-output>
          </reporter-output>
        </test-method> <!-- nativeAppAndroid -->
      </class> <!-- qaclickacademy.AppiumTest -->
      <class name="qaclickacademy.RestAPITest">
        <test-method signature="deleteTwitter()[pri:0, instance:qaclickacademy.RestAPITest@5e600dd5]" started-at="2021-05-22T23:07:06Z" name="deleteTwitter" finished-at="2021-05-22T23:07:06Z" duration-ms="0" status="PASS">
          <reporter-output>
          </reporter-output>
        </test-method> <!-- deleteTwitter -->
        <test-method signature="postJira()[pri:0, instance:qaclickacademy.RestAPITest@5e600dd5]" started-at="2021-05-22T23:07:06Z" name="postJira" finished-at="2021-05-22T23:07:06Z" duration-ms="1" status="PASS">
          <reporter-output>
          </reporter-output>
        </test-method> <!-- postJira -->
      </class> <!-- qaclickacademy.RestAPITest -->
      <class name="qaclickacademy.SeleniumTest">
        <test-method signature="BrowserAutomation()[pri:0, instance:qaclickacademy.SeleniumTest@130c12b7]" started-at="2021-05-22T23:07:06Z" name="BrowserAutomation" finished-at="2021-05-22T23:07:06Z" duration-ms="0" status="PASS">
          <reporter-output>
          </reporter-output>
        </test-method> <!-- BrowserAutomation -->
        <test-method signature="elementUI()[pri:0, instance:qaclickacademy.SeleniumTest@130c12b7]" started-at="2021-05-22T23:07:06Z" name="elementUI" finished-at="2021-05-22T23:07:06Z" duration-ms="0" status="PASS">
          <reporter-output>
          </reporter-output>
        </test-method> <!-- elementUI -->
      </class> <!-- qaclickacademy.SeleniumTest -->
    </test> <!-- Test -->
  </suite> <!-- Suite -->
</testng-results>
