<?xml version="1.0" encoding="UTF-8"?>
<testng-results skipped="0" failed="0" ignored="0" total="1" passed="1">
  <reporter-output>
  </reporter-output>
  <suite name="Default suite" duration-ms="19518" started-at="2021-06-16T12:59:05 IST" finished-at="2021-06-16T12:59:25 IST">
    <groups>
    </groups>
    <test name="Default test" duration-ms="19518" started-at="2021-06-16T12:59:05 IST" finished-at="2021-06-16T12:59:25 IST">
      <class name="vendorMangment.addDriver">
        <test-method status="PASS" signature="initialize()[pri:0, instance:vendorMangment.addDriver@1563da5]" name="initialize" is-config="true" duration-ms="11378" started-at="2021-06-16T12:59:05 IST" finished-at="2021-06-16T12:59:17 IST">
          <reporter-output>
          </reporter-output>
        </test-method> <!-- initialize -->
        <test-method status="PASS" signature="newDriver()[pri:0, instance:vendorMangment.addDriver@1563da5]" name="newDriver" duration-ms="7734" started-at="2021-06-16T12:59:17 IST" finished-at="2021-06-16T12:59:25 IST">
          <reporter-output>
          </reporter-output>
        </test-method> <!-- newDriver -->
        <test-method status="PASS" signature="tearDown()[pri:0, instance:vendorMangment.addDriver@1563da5]" name="tearDown" is-config="true" duration-ms="333" started-at="2021-06-16T12:59:25 IST" finished-at="2021-06-16T12:59:25 IST">
          <reporter-output>
          </reporter-output>
        </test-method> <!-- tearDown -->
      </class> <!-- vendorMangment.addDriver -->
    </test> <!-- Default test -->
  </suite> <!-- Default suite -->
</testng-results>
