<?xml version="1.0" encoding="UTF-8"?>
<!-- Generated by org.testng.reporters.JUnitXMLReporter -->
<testsuite ignored="0" hostname="DESKTOP-6896HKL" failures="0" tests="4" name="Test" time="55.062" errors="0" timestamp="2021-05-27T21:00:01 IST">
  <testcase classname="Academy.validateNavigation" name="baseNavigation" time="0.289"/>
  <testcase classname="Academy.HomePage" name="baseNavigation" time="11.987"/>
  <testcase classname="Academy.HomePage" name="baseNavigation" time="10.005"/>
  <testcase classname="Academy.validateTitle" name="baseNavigation" time="0.115"/>
</testsuite> <!-- Test -->
