<?xml version="1.0" encoding="UTF-8"?>
<testng-results ignored="0" total="1" passed="1" failed="0" skipped="0">
  <reporter-output>
  </reporter-output>
  <suite started-at="2021-05-21T21:07:29 IST" name="Default suite" finished-at="2021-05-21T21:07:42 IST" duration-ms="12422">
    <groups>
    </groups>
    <test started-at="2021-05-21T21:07:29 IST" name="Default test" finished-at="2021-05-21T21:07:42 IST" duration-ms="12422">
      <class name="main.Login">
        <test-method signature="loginpage()[pri:0, instance:main.Login@2cd2a21f]" started-at="2021-05-21T21:07:29 IST" name="loginpage" finished-at="2021-05-21T21:07:42 IST" duration-ms="12349" status="PASS">
          <reporter-output>
          </reporter-output>
        </test-method> <!-- loginpage -->
      </class> <!-- main.Login -->
    </test> <!-- Default test -->
  </suite> <!-- Default suite -->
</testng-results>
