<?xml version="1.0" encoding="UTF-8"?>
<testng-results ignored="0" total="1" passed="1" failed="0" skipped="0">
  <reporter-output>
  </reporter-output>
  <suite started-at="2021-05-24T21:01:12 IST" name="Default suite" finished-at="2021-05-24T21:01:23 IST" duration-ms="10539">
    <groups>
    </groups>
    <test started-at="2021-05-24T21:01:12 IST" name="Default test" finished-at="2021-05-24T21:01:23 IST" duration-ms="10539">
      <class name="TestCases.Login">
        <test-method signature="signin()[pri:0, instance:TestCases.Login@34f7cfd9]" started-at="2021-05-24T21:01:12 IST" name="signin" finished-at="2021-05-24T21:01:23 IST" duration-ms="10467" status="PASS">
          <reporter-output>
          </reporter-output>
        </test-method> <!-- signin -->
      </class> <!-- TestCases.Login -->
    </test> <!-- Default test -->
  </suite> <!-- Default suite -->
</testng-results>
