<?xml version="1.0" encoding="UTF-8"?>
<!-- Generated by org.testng.reporters.JUnitXMLReporter -->
<testsuite hostname="DESKTOP-6896HKL" ignored="0" tests="0" failures="0" timestamp="2021-06-16T12:57:38 IST" time="0.034" errors="0">
  <testcase name="@AfterTest newDriver" time="0.001" classname="vendorMangment.addDriver">
    <failure type="java.lang.NullPointerException">
      <![CDATA[java.lang.NullPointerException
at vendorMangment.addDriver.newDriver(addDriver.java:31)
... Removed 24 stack frames]]>
    </failure>
  </testcase> <!-- @AfterTest newDriver -->
</testsuite>
