<?xml version="1.0" encoding="UTF-8"?>
<!-- Generated by org.testng.reporters.JUnitXMLReporter -->
<testsuite hostname="DESKTOP-6896HKL" failures="0" tests="6" name="Test" time="0.038" errors="0" timestamp="22 May 2021 17:37:06 GMT">
  <testcase classname="qaclickacademy.AppiumTest" name="IOSApps" time="0.014"/>
  <testcase classname="qaclickacademy.AppiumTest" name="nativeAppAndroid" time="0.0"/>
  <testcase classname="qaclickacademy.SeleniumTest" name="BrowserAutomation" time="0.0"/>
  <testcase classname="qaclickacademy.SeleniumTest" name="elementUI" time="0.0"/>
  <testcase classname="qaclickacademy.RestAPITest" name="deleteTwitter" time="0.0"/>
  <testcase classname="qaclickacademy.RestAPITest" name="postJira" time="0.001"/>
</testsuite> <!-- Test -->
